mode: set
github.com/ryanjdew/go-marklogic-go/admin/init.go:39.50,41.2 1 1
github.com/ryanjdew/go-marklogic-go/admin/init.go:43.48,44.22 1 1
github.com/ryanjdew/go-marklogic-go/admin/init.go:47.2,47.12 1 1
github.com/ryanjdew/go-marklogic-go/admin/init.go:44.22,46.3 1 1
github.com/ryanjdew/go-marklogic-go/admin/init.go:51.60,55.35 4 1
github.com/ryanjdew/go-marklogic-go/admin/init.go:55.35,57.3 1 1
github.com/ryanjdew/go-marklogic-go/admin/init.go:57.8,59.3 1 1
github.com/ryanjdew/go-marklogic-go/admin/init.go:63.61,65.2 1 1
github.com/ryanjdew/go-marklogic-go/admin/init.go:68.76,70.2 1 1
github.com/ryanjdew/go-marklogic-go/admin/init.go:73.66,74.25 1 1
github.com/ryanjdew/go-marklogic-go/admin/init.go:80.2,81.35 2 1
github.com/ryanjdew/go-marklogic-go/admin/init.go:75.24,76.47 1 1
github.com/ryanjdew/go-marklogic-go/admin/init.go:77.23,78.43 1 1
github.com/ryanjdew/go-marklogic-go/admin/init.go:81.35,84.3 2 1
github.com/ryanjdew/go-marklogic-go/admin/init.go:84.8,87.3 2 1
github.com/ryanjdew/go-marklogic-go/admin/init.go:91.57,93.2 1 1
github.com/ryanjdew/go-marklogic-go/admin/init.go:96.54,99.2 2 1
github.com/ryanjdew/go-marklogic-go/admin/init.go:102.65,104.2 1 1
github.com/ryanjdew/go-marklogic-go/admin/init.go:107.53,109.2 1 0
github.com/ryanjdew/go-marklogic-go/admin/init.go:135.39,137.2 1 1
github.com/ryanjdew/go-marklogic-go/admin/init.go:139.37,140.22 1 1
github.com/ryanjdew/go-marklogic-go/admin/init.go:143.2,143.12 1 1
github.com/ryanjdew/go-marklogic-go/admin/init.go:140.22,142.3 1 1
github.com/ryanjdew/go-marklogic-go/admin/init.go:147.49,151.35 4 1
github.com/ryanjdew/go-marklogic-go/admin/init.go:151.35,153.3 1 1
github.com/ryanjdew/go-marklogic-go/admin/init.go:153.8,155.3 1 1
github.com/ryanjdew/go-marklogic-go/admin/init.go:159.50,161.2 1 1
github.com/ryanjdew/go-marklogic-go/admin/init.go:164.65,166.2 1 0
github.com/ryanjdew/go-marklogic-go/admin/init.go:169.55,170.25 1 1
github.com/ryanjdew/go-marklogic-go/admin/init.go:176.2,177.35 2 1
github.com/ryanjdew/go-marklogic-go/admin/init.go:171.29,172.64 1 1
github.com/ryanjdew/go-marklogic-go/admin/init.go:173.28,174.60 1 1
github.com/ryanjdew/go-marklogic-go/admin/init.go:177.35,180.3 2 1
github.com/ryanjdew/go-marklogic-go/admin/init.go:180.8,183.3 2 1
github.com/ryanjdew/go-marklogic-go/admin/init.go:187.51,189.2 1 0
github.com/ryanjdew/go-marklogic-go/admin/init.go:192.43,195.2 2 1
github.com/ryanjdew/go-marklogic-go/admin/init.go:198.54,200.2 1 0
github.com/ryanjdew/go-marklogic-go/admin/init.go:203.42,205.2 1 0
github.com/ryanjdew/go-marklogic-go/admin/init.go:208.103,210.16 2 1
github.com/ryanjdew/go-marklogic-go/admin/init.go:213.2,213.40 1 1
github.com/ryanjdew/go-marklogic-go/admin/init.go:210.16,212.3 1 0
github.com/ryanjdew/go-marklogic-go/admin/instanceAdmin.go:31.48,33.2 1 1
github.com/ryanjdew/go-marklogic-go/admin/instanceAdmin.go:35.46,36.22 1 1
github.com/ryanjdew/go-marklogic-go/admin/instanceAdmin.go:39.2,39.12 1 1
github.com/ryanjdew/go-marklogic-go/admin/instanceAdmin.go:36.22,38.3 1 1
github.com/ryanjdew/go-marklogic-go/admin/instanceAdmin.go:43.58,47.35 4 1
github.com/ryanjdew/go-marklogic-go/admin/instanceAdmin.go:47.35,49.3 1 1
github.com/ryanjdew/go-marklogic-go/admin/instanceAdmin.go:49.8,51.3 1 1
github.com/ryanjdew/go-marklogic-go/admin/instanceAdmin.go:55.59,57.2 1 1
github.com/ryanjdew/go-marklogic-go/admin/instanceAdmin.go:60.74,62.2 1 0
github.com/ryanjdew/go-marklogic-go/admin/instanceAdmin.go:65.64,66.25 1 1
github.com/ryanjdew/go-marklogic-go/admin/instanceAdmin.go:72.2,73.35 2 1
github.com/ryanjdew/go-marklogic-go/admin/instanceAdmin.go:67.29,68.51 1 1
github.com/ryanjdew/go-marklogic-go/admin/instanceAdmin.go:69.28,70.47 1 1
github.com/ryanjdew/go-marklogic-go/admin/instanceAdmin.go:73.35,76.3 2 1
github.com/ryanjdew/go-marklogic-go/admin/instanceAdmin.go:76.8,79.3 2 1
github.com/ryanjdew/go-marklogic-go/admin/instanceAdmin.go:83.60,85.2 1 0
github.com/ryanjdew/go-marklogic-go/admin/instanceAdmin.go:88.52,91.2 2 1
github.com/ryanjdew/go-marklogic-go/admin/instanceAdmin.go:94.63,96.2 1 0
github.com/ryanjdew/go-marklogic-go/admin/instanceAdmin.go:99.51,101.2 1 0
github.com/ryanjdew/go-marklogic-go/admin/instanceAdmin.go:104.131,110.16 6 1
github.com/ryanjdew/go-marklogic-go/admin/instanceAdmin.go:113.2,113.40 1 1
github.com/ryanjdew/go-marklogic-go/admin/instanceAdmin.go:110.16,112.3 1 0
github.com/ryanjdew/go-marklogic-go/admin/service.go:15.55,19.2 1 0
github.com/ryanjdew/go-marklogic-go/admin/service.go:22.85,24.2 1 0
github.com/ryanjdew/go-marklogic-go/admin/service.go:27.119,29.2 1 0
github.com/ryanjdew/go-marklogic-go/admin/timestamp.go:23.52,25.2 1 1
github.com/ryanjdew/go-marklogic-go/admin/timestamp.go:27.50,28.22 1 1
github.com/ryanjdew/go-marklogic-go/admin/timestamp.go:31.2,31.12 1 1
github.com/ryanjdew/go-marklogic-go/admin/timestamp.go:28.22,30.3 1 1
github.com/ryanjdew/go-marklogic-go/admin/timestamp.go:35.62,38.40 3 1
github.com/ryanjdew/go-marklogic-go/admin/timestamp.go:38.40,40.3 1 1
github.com/ryanjdew/go-marklogic-go/admin/timestamp.go:44.63,46.2 1 1
github.com/ryanjdew/go-marklogic-go/admin/timestamp.go:49.78,51.2 1 0
github.com/ryanjdew/go-marklogic-go/admin/timestamp.go:54.68,56.40 2 1
github.com/ryanjdew/go-marklogic-go/admin/timestamp.go:56.40,59.3 2 1
github.com/ryanjdew/go-marklogic-go/admin/timestamp.go:63.50,65.2 1 0
github.com/ryanjdew/go-marklogic-go/admin/timestamp.go:68.56,72.2 3 1
github.com/ryanjdew/go-marklogic-go/admin/timestamp.go:75.67,77.2 1 0
github.com/ryanjdew/go-marklogic-go/admin/timestamp.go:80.55,82.2 1 0
github.com/ryanjdew/go-marklogic-go/admin/timestamp.go:86.79,88.16 2 0
github.com/ryanjdew/go-marklogic-go/admin/timestamp.go:91.2,91.40 1 0
github.com/ryanjdew/go-marklogic-go/admin/timestamp.go:88.16,90.3 1 0
github.com/ryanjdew/go-marklogic-go/alert/alert.go:31.154,35.16 4 0
github.com/ryanjdew/go-marklogic-go/alert/alert.go:38.2,38.39 1 0
github.com/ryanjdew/go-marklogic-go/alert/alert.go:35.16,37.3 1 0
github.com/ryanjdew/go-marklogic-go/alert/alert.go:41.121,45.16 4 0
github.com/ryanjdew/go-marklogic-go/alert/alert.go:48.2,48.39 1 0
github.com/ryanjdew/go-marklogic-go/alert/alert.go:45.16,47.3 1 0
github.com/ryanjdew/go-marklogic-go/alert/alert.go:51.99,55.16 4 0
github.com/ryanjdew/go-marklogic-go/alert/alert.go:58.2,58.39 1 0
github.com/ryanjdew/go-marklogic-go/alert/alert.go:55.16,57.3 1 0
github.com/ryanjdew/go-marklogic-go/alert/alert.go:61.114,65.16 4 0
github.com/ryanjdew/go-marklogic-go/alert/alert.go:68.2,68.39 1 0
github.com/ryanjdew/go-marklogic-go/alert/alert.go:65.16,67.3 1 0
github.com/ryanjdew/go-marklogic-go/alert/alert.go:71.134,75.16 4 0
github.com/ryanjdew/go-marklogic-go/alert/alert.go:78.2,78.39 1 0
github.com/ryanjdew/go-marklogic-go/alert/alert.go:75.16,77.3 1 0
github.com/ryanjdew/go-marklogic-go/alert/alert.go:81.117,85.16 4 0
github.com/ryanjdew/go-marklogic-go/alert/alert.go:88.2,88.39 1 0
github.com/ryanjdew/go-marklogic-go/alert/alert.go:85.16,87.3 1 0
github.com/ryanjdew/go-marklogic-go/alert/service.go:16.50,20.2 1 0
github.com/ryanjdew/go-marklogic-go/alert/service.go:23.115,25.2 1 0
github.com/ryanjdew/go-marklogic-go/alert/service.go:28.137,30.2 1 0
github.com/ryanjdew/go-marklogic-go/alert/service.go:33.93,35.2 1 0
github.com/ryanjdew/go-marklogic-go/alert/service.go:38.108,40.2 1 0
github.com/ryanjdew/go-marklogic-go/alert/service.go:43.128,45.2 1 0
github.com/ryanjdew/go-marklogic-go/alert/service.go:48.111,50.2 1 0
github.com/ryanjdew/go-marklogic-go/clients/adminClient.go:13.67,15.26 2 1
github.com/ryanjdew/go-marklogic-go/clients/adminClient.go:18.2,20.16 3 1
github.com/ryanjdew/go-marklogic-go/clients/adminClient.go:23.2,23.20 1 1
github.com/ryanjdew/go-marklogic-go/clients/adminClient.go:15.26,17.3 1 1
github.com/ryanjdew/go-marklogic-go/clients/adminClient.go:20.16,22.3 1 1
github.com/ryanjdew/go-marklogic-go/clients/client.go:38.79,43.49 5 1
github.com/ryanjdew/go-marklogic-go/clients/client.go:47.2,47.16 1 1
github.com/ryanjdew/go-marklogic-go/clients/client.go:59.2,59.25 1 1
github.com/ryanjdew/go-marklogic-go/clients/client.go:43.49,46.3 2 0
github.com/ryanjdew/go-marklogic-go/clients/client.go:47.16,58.3 1 1
github.com/ryanjdew/go-marklogic-go/clients/client.go:63.150,67.16 4 1
github.com/ryanjdew/go-marklogic-go/clients/client.go:70.2,70.20 1 1
github.com/ryanjdew/go-marklogic-go/clients/client.go:67.16,69.3 1 1
github.com/ryanjdew/go-marklogic-go/clients/client.go:95.38,97.2 1 1
github.com/ryanjdew/go-marklogic-go/clients/client.go:101.45,103.2 1 0
github.com/ryanjdew/go-marklogic-go/clients/client.go:106.49,108.2 1 0
github.com/ryanjdew/go-marklogic-go/clients/client.go:111.39,113.2 1 0
github.com/ryanjdew/go-marklogic-go/clients/client.go:116.50,118.2 1 0
github.com/ryanjdew/go-marklogic-go/clients/client.go:121.66,123.2 1 0
github.com/ryanjdew/go-marklogic-go/clients/client.go:126.42,128.2 1 0
github.com/ryanjdew/go-marklogic-go/clients/client.go:131.53,133.2 1 0
github.com/ryanjdew/go-marklogic-go/clients/client.go:136.70,138.33 2 0
github.com/ryanjdew/go-marklogic-go/clients/client.go:141.2,141.18 1 0
github.com/ryanjdew/go-marklogic-go/clients/client.go:138.33,140.3 1 0
github.com/ryanjdew/go-marklogic-go/clients/client.go:145.49,147.31 2 0
github.com/ryanjdew/go-marklogic-go/clients/client.go:147.31,149.3 1 0
github.com/ryanjdew/go-marklogic-go/clients/client.go:149.8,149.39 1 0
github.com/ryanjdew/go-marklogic-go/clients/client.go:149.39,152.3 2 0
github.com/ryanjdew/go-marklogic-go/clients/managementClient.go:13.77,15.26 2 1
github.com/ryanjdew/go-marklogic-go/clients/managementClient.go:18.2,20.16 3 1
github.com/ryanjdew/go-marklogic-go/clients/managementClient.go:23.2,23.20 1 1
github.com/ryanjdew/go-marklogic-go/clients/managementClient.go:15.26,17.3 1 1
github.com/ryanjdew/go-marklogic-go/clients/managementClient.go:20.16,22.3 1 1
github.com/ryanjdew/go-marklogic-go/config/query.go:10.80,12.16 2 0
github.com/ryanjdew/go-marklogic-go/config/query.go:15.2,15.39 1 0
github.com/ryanjdew/go-marklogic-go/config/query.go:12.16,14.3 1 0
github.com/ryanjdew/go-marklogic-go/config/query.go:19.85,21.16 2 0
github.com/ryanjdew/go-marklogic-go/config/query.go:24.2,24.39 1 0
github.com/ryanjdew/go-marklogic-go/config/query.go:21.16,23.3 1 0
github.com/ryanjdew/go-marklogic-go/config/query.go:28.122,30.16 2 0
github.com/ryanjdew/go-marklogic-go/config/query.go:33.2,33.39 1 0
github.com/ryanjdew/go-marklogic-go/config/query.go:30.16,32.3 1 0
github.com/ryanjdew/go-marklogic-go/config/query.go:37.92,39.16 2 0
github.com/ryanjdew/go-marklogic-go/config/query.go:42.2,42.39 1 0
github.com/ryanjdew/go-marklogic-go/config/query.go:39.16,41.3 1 0
github.com/ryanjdew/go-marklogic-go/config/query.go:46.95,48.16 2 0
github.com/ryanjdew/go-marklogic-go/config/query.go:51.2,51.39 1 0
github.com/ryanjdew/go-marklogic-go/config/query.go:48.16,50.3 1 0
github.com/ryanjdew/go-marklogic-go/config/service.go:17.50,21.2 1 0
github.com/ryanjdew/go-marklogic-go/config/service.go:24.90,26.2 1 0
github.com/ryanjdew/go-marklogic-go/config/service.go:29.60,31.2 1 0
github.com/ryanjdew/go-marklogic-go/config/service.go:34.160,37.2 1 0
github.com/ryanjdew/go-marklogic-go/config/service.go:40.71,42.2 1 0
github.com/ryanjdew/go-marklogic-go/config/service.go:45.86,47.2 1 0
github.com/ryanjdew/go-marklogic-go/config/service.go:50.154,52.2 1 0
github.com/ryanjdew/go-marklogic-go/config/service.go:55.85,57.2 1 0
github.com/ryanjdew/go-marklogic-go/config/service.go:60.71,62.2 1 0
github.com/ryanjdew/go-marklogic-go/config/service.go:65.72,67.2 1 0
github.com/ryanjdew/go-marklogic-go/config/service.go:70.95,72.2 1 0
github.com/ryanjdew/go-marklogic-go/config/service.go:75.71,77.2 1 0
github.com/ryanjdew/go-marklogic-go/config/service.go:80.97,82.2 1 0
github.com/ryanjdew/go-marklogic-go/config/service.go:85.73,87.2 1 0
github.com/ryanjdew/go-marklogic-go/config/service.go:90.119,92.2 1 0
github.com/ryanjdew/go-marklogic-go/config/service.go:95.74,97.2 1 0
github.com/ryanjdew/go-marklogic-go/config/service.go:100.79,102.2 1 0
github.com/ryanjdew/go-marklogic-go/config/service.go:105.116,107.2 1 0
github.com/ryanjdew/go-marklogic-go/config/service.go:110.86,112.2 1 0
github.com/ryanjdew/go-marklogic-go/config/service.go:115.89,117.2 1 0
github.com/ryanjdew/go-marklogic-go/config/service.go:120.72,122.2 1 0
github.com/ryanjdew/go-marklogic-go/config/service.go:125.87,127.2 1 0
github.com/ryanjdew/go-marklogic-go/config/service.go:130.155,132.2 1 0
github.com/ryanjdew/go-marklogic-go/config/service.go:135.86,137.2 1 0
github.com/ryanjdew/go-marklogic-go/config/transforms.go:13.78,15.16 2 0
github.com/ryanjdew/go-marklogic-go/config/transforms.go:18.2,18.39 1 0
github.com/ryanjdew/go-marklogic-go/config/transforms.go:15.16,17.3 1 0
github.com/ryanjdew/go-marklogic-go/config/transforms.go:22.93,24.16 2 0
github.com/ryanjdew/go-marklogic-go/config/transforms.go:27.2,27.39 1 0
github.com/ryanjdew/go-marklogic-go/config/transforms.go:24.16,26.3 1 0
github.com/ryanjdew/go-marklogic-go/config/transforms.go:31.161,34.16 3 0
github.com/ryanjdew/go-marklogic-go/config/transforms.go:37.2,38.39 2 0
github.com/ryanjdew/go-marklogic-go/config/transforms.go:34.16,36.3 1 0
github.com/ryanjdew/go-marklogic-go/config/transforms.go:42.92,44.16 2 0
github.com/ryanjdew/go-marklogic-go/config/transforms.go:47.2,47.39 1 0
github.com/ryanjdew/go-marklogic-go/config/transforms.go:44.16,46.3 1 0
github.com/ryanjdew/go-marklogic-go/config/extensions.go:13.96,15.16 2 1
github.com/ryanjdew/go-marklogic-go/config/extensions.go:18.2,18.39 1 1
github.com/ryanjdew/go-marklogic-go/config/extensions.go:15.16,17.3 1 0
github.com/ryanjdew/go-marklogic-go/config/extensions.go:22.66,24.16 2 1
github.com/ryanjdew/go-marklogic-go/config/extensions.go:27.2,27.34 1 1
github.com/ryanjdew/go-marklogic-go/config/extensions.go:24.16,26.3 1 0
github.com/ryanjdew/go-marklogic-go/config/extensions.go:31.166,34.16 3 0
github.com/ryanjdew/go-marklogic-go/config/extensions.go:37.2,38.39 2 0
github.com/ryanjdew/go-marklogic-go/config/extensions.go:34.16,36.3 1 0
github.com/ryanjdew/go-marklogic-go/config/extensions.go:42.77,44.16 2 0
github.com/ryanjdew/go-marklogic-go/config/extensions.go:47.2,47.39 1 0
github.com/ryanjdew/go-marklogic-go/config/extensions.go:44.16,46.3 1 0
github.com/ryanjdew/go-marklogic-go/config/extensions.go:51.92,53.16 2 0
github.com/ryanjdew/go-marklogic-go/config/extensions.go:56.2,56.39 1 0
github.com/ryanjdew/go-marklogic-go/config/extensions.go:53.16,55.3 1 0
github.com/ryanjdew/go-marklogic-go/config/extensions.go:60.160,63.16 3 0
github.com/ryanjdew/go-marklogic-go/config/extensions.go:66.2,67.39 2 0
github.com/ryanjdew/go-marklogic-go/config/extensions.go:63.16,65.3 1 0
github.com/ryanjdew/go-marklogic-go/config/extensions.go:71.91,73.16 2 0
github.com/ryanjdew/go-marklogic-go/config/extensions.go:76.2,76.39 1 0
github.com/ryanjdew/go-marklogic-go/config/extensions.go:73.16,75.3 1 0
github.com/ryanjdew/go-marklogic-go/config/extensions.go:79.52,81.32 2 0
github.com/ryanjdew/go-marklogic-go/config/extensions.go:88.2,88.15 1 0
github.com/ryanjdew/go-marklogic-go/config/extensions.go:81.32,83.20 2 0
github.com/ryanjdew/go-marklogic-go/config/extensions.go:86.3,86.48 1 0
github.com/ryanjdew/go-marklogic-go/config/extensions.go:83.20,85.4 1 0
github.com/ryanjdew/go-marklogic-go/config/indexes.go:12.77,14.16 2 0
github.com/ryanjdew/go-marklogic-go/config/indexes.go:17.2,17.39 1 0
github.com/ryanjdew/go-marklogic-go/config/indexes.go:14.16,16.3 1 0
github.com/ryanjdew/go-marklogic-go/config/namespaces.go:10.78,12.16 2 0
github.com/ryanjdew/go-marklogic-go/config/namespaces.go:15.2,15.39 1 0
github.com/ryanjdew/go-marklogic-go/config/namespaces.go:12.16,14.3 1 0
github.com/ryanjdew/go-marklogic-go/config/namespaces.go:19.101,21.16 2 0
github.com/ryanjdew/go-marklogic-go/config/namespaces.go:24.2,24.39 1 0
github.com/ryanjdew/go-marklogic-go/config/namespaces.go:21.16,23.3 1 0
github.com/ryanjdew/go-marklogic-go/config/properties.go:10.77,12.16 2 0
github.com/ryanjdew/go-marklogic-go/config/properties.go:15.2,15.39 1 0
github.com/ryanjdew/go-marklogic-go/config/properties.go:12.16,14.3 1 0
github.com/ryanjdew/go-marklogic-go/config/properties.go:19.103,21.16 2 0
github.com/ryanjdew/go-marklogic-go/config/properties.go:24.2,24.39 1 0
github.com/ryanjdew/go-marklogic-go/config/properties.go:21.16,23.3 1 0
github.com/ryanjdew/go-marklogic-go/config/properties.go:28.79,30.16 2 0
github.com/ryanjdew/go-marklogic-go/config/properties.go:33.2,33.39 1 0
github.com/ryanjdew/go-marklogic-go/config/properties.go:30.16,32.3 1 0
github.com/ryanjdew/go-marklogic-go/config/properties.go:37.125,39.16 2 0
github.com/ryanjdew/go-marklogic-go/config/properties.go:42.2,42.39 1 0
github.com/ryanjdew/go-marklogic-go/config/properties.go:39.16,41.3 1 0
github.com/ryanjdew/go-marklogic-go/datamovement/write-batcher.go:30.45,32.2 1 1
github.com/ryanjdew/go-marklogic-go/datamovement/write-batcher.go:35.46,37.2 1 1
github.com/ryanjdew/go-marklogic-go/datamovement/write-batcher.go:40.79,42.2 1 1
github.com/ryanjdew/go-marklogic-go/datamovement/write-batcher.go:45.45,47.2 1 0
github.com/ryanjdew/go-marklogic-go/datamovement/write-batcher.go:50.75,53.2 2 0
github.com/ryanjdew/go-marklogic-go/datamovement/write-batcher.go:56.72,59.2 2 1
github.com/ryanjdew/go-marklogic-go/datamovement/write-batcher.go:62.81,65.2 2 0
github.com/ryanjdew/go-marklogic-go/datamovement/write-batcher.go:68.87,71.2 2 0
github.com/ryanjdew/go-marklogic-go/datamovement/write-batcher.go:74.109,77.2 2 1
github.com/ryanjdew/go-marklogic-go/datamovement/write-batcher.go:80.82,83.2 2 0
github.com/ryanjdew/go-marklogic-go/datamovement/write-batcher.go:86.84,87.48 1 0
github.com/ryanjdew/go-marklogic-go/datamovement/write-batcher.go:93.2,93.12 1 0
github.com/ryanjdew/go-marklogic-go/datamovement/write-batcher.go:87.48,88.34 1 0
github.com/ryanjdew/go-marklogic-go/datamovement/write-batcher.go:88.34,90.9 2 0
github.com/ryanjdew/go-marklogic-go/datamovement/write-batcher.go:97.46,99.47 2 1
github.com/ryanjdew/go-marklogic-go/datamovement/write-batcher.go:102.2,109.24 8 1
github.com/ryanjdew/go-marklogic-go/datamovement/write-batcher.go:114.2,114.35 1 1
github.com/ryanjdew/go-marklogic-go/datamovement/write-batcher.go:126.2,126.12 1 1
github.com/ryanjdew/go-marklogic-go/datamovement/write-batcher.go:99.47,101.3 1 1
github.com/ryanjdew/go-marklogic-go/datamovement/write-batcher.go:109.24,111.3 1 1
github.com/ryanjdew/go-marklogic-go/datamovement/write-batcher.go:111.8,113.3 1 0
github.com/ryanjdew/go-marklogic-go/datamovement/write-batcher.go:114.35,117.25 3 1
github.com/ryanjdew/go-marklogic-go/datamovement/write-batcher.go:122.3,124.65 3 1
github.com/ryanjdew/go-marklogic-go/datamovement/write-batcher.go:117.25,119.4 1 1
github.com/ryanjdew/go-marklogic-go/datamovement/write-batcher.go:119.9,121.4 1 0
github.com/ryanjdew/go-marklogic-go/datamovement/write-batcher.go:130.47,133.2 2 1
github.com/ryanjdew/go-marklogic-go/datamovement/write-batcher.go:135.138,141.6 6 1
github.com/ryanjdew/go-marklogic-go/datamovement/write-batcher.go:141.6,142.24 1 1
github.com/ryanjdew/go-marklogic-go/datamovement/write-batcher.go:148.3,148.10 1 1
github.com/ryanjdew/go-marklogic-go/datamovement/write-batcher.go:142.24,147.4 1 1
github.com/ryanjdew/go-marklogic-go/datamovement/write-batcher.go:149.39,150.23 1 1
github.com/ryanjdew/go-marklogic-go/datamovement/write-batcher.go:150.23,152.61 2 1
github.com/ryanjdew/go-marklogic-go/datamovement/write-batcher.go:152.61,155.6 2 0
github.com/ryanjdew/go-marklogic-go/datamovement/write-batcher.go:156.10,156.44 1 1
github.com/ryanjdew/go-marklogic-go/datamovement/write-batcher.go:156.44,157.49 1 1
github.com/ryanjdew/go-marklogic-go/datamovement/write-batcher.go:161.5,161.11 1 1
github.com/ryanjdew/go-marklogic-go/datamovement/write-batcher.go:157.49,160.6 2 1
github.com/ryanjdew/go-marklogic-go/datamovement/write-batcher.go:162.10,164.5 1 0
github.com/ryanjdew/go-marklogic-go/datamovement/write-batcher.go:169.132,170.48 1 1
github.com/ryanjdew/go-marklogic-go/datamovement/write-batcher.go:170.48,176.38 4 1
github.com/ryanjdew/go-marklogic-go/datamovement/write-batcher.go:176.38,178.4 1 0
github.com/ryanjdew/go-marklogic-go/datamovement/write-batcher.go:191.61,193.2 1 1
github.com/ryanjdew/go-marklogic-go/datamovement/write-batcher.go:196.48,198.2 1 0
github.com/ryanjdew/go-marklogic-go/datamovement/write-batcher.go:201.79,203.2 1 1
github.com/ryanjdew/go-marklogic-go/datamovement/write-batcher.go:206.42,208.2 1 0
github.com/ryanjdew/go-marklogic-go/datamovement/write-batcher.go:211.80,214.2 2 1
github.com/ryanjdew/go-marklogic-go/datamovement/write-batcher.go:217.56,219.2 1 0
github.com/ryanjdew/go-marklogic-go/datamovement/query-batcher.go:26.45,28.2 1 1
github.com/ryanjdew/go-marklogic-go/datamovement/query-batcher.go:31.45,33.2 1 0
github.com/ryanjdew/go-marklogic-go/datamovement/query-batcher.go:36.72,39.2 2 1
github.com/ryanjdew/go-marklogic-go/datamovement/query-batcher.go:42.71,45.2 2 1
github.com/ryanjdew/go-marklogic-go/datamovement/query-batcher.go:48.87,51.2 2 0
github.com/ryanjdew/go-marklogic-go/datamovement/query-batcher.go:54.80,57.2 2 1
github.com/ryanjdew/go-marklogic-go/datamovement/query-batcher.go:60.82,61.48 1 0
github.com/ryanjdew/go-marklogic-go/datamovement/query-batcher.go:67.2,67.12 1 0
github.com/ryanjdew/go-marklogic-go/datamovement/query-batcher.go:61.48,62.34 1 0
github.com/ryanjdew/go-marklogic-go/datamovement/query-batcher.go:62.34,64.9 2 0
github.com/ryanjdew/go-marklogic-go/datamovement/query-batcher.go:71.46,73.40 2 1
github.com/ryanjdew/go-marklogic-go/datamovement/query-batcher.go:77.2,77.12 1 1
github.com/ryanjdew/go-marklogic-go/datamovement/query-batcher.go:73.40,76.3 2 1
github.com/ryanjdew/go-marklogic-go/datamovement/query-batcher.go:81.47,84.2 2 1
github.com/ryanjdew/go-marklogic-go/datamovement/query-batcher.go:86.72,93.6 7 1
github.com/ryanjdew/go-marklogic-go/datamovement/query-batcher.go:93.6,97.35 4 1
github.com/ryanjdew/go-marklogic-go/datamovement/query-batcher.go:104.3,105.20 2 1
github.com/ryanjdew/go-marklogic-go/datamovement/query-batcher.go:108.3,113.38 2 1
github.com/ryanjdew/go-marklogic-go/datamovement/query-batcher.go:116.3,116.39 1 1
github.com/ryanjdew/go-marklogic-go/datamovement/query-batcher.go:97.35,99.36 2 1
github.com/ryanjdew/go-marklogic-go/datamovement/query-batcher.go:102.4,102.31 1 1
github.com/ryanjdew/go-marklogic-go/datamovement/query-batcher.go:99.36,101.5 1 1
github.com/ryanjdew/go-marklogic-go/datamovement/query-batcher.go:105.20,107.4 1 1
github.com/ryanjdew/go-marklogic-go/datamovement/query-batcher.go:113.38,115.4 1 1
github.com/ryanjdew/go-marklogic-go/datamovement/query-batcher.go:116.39,118.4 1 1
github.com/ryanjdew/go-marklogic-go/datamovement/query-batcher.go:130.48,132.2 1 0
github.com/ryanjdew/go-marklogic-go/datamovement/query-batcher.go:135.42,137.2 1 0
github.com/ryanjdew/go-marklogic-go/datamovement/service.go:21.50,30.2 3 1
github.com/ryanjdew/go-marklogic-go/datamovement/service.go:33.48,35.44 2 1
github.com/ryanjdew/go-marklogic-go/datamovement/service.go:38.2,45.3 1 1
github.com/ryanjdew/go-marklogic-go/datamovement/service.go:35.44,37.3 1 1
github.com/ryanjdew/go-marklogic-go/datamovement/service.go:49.48,57.2 1 1
github.com/ryanjdew/go-marklogic-go/dataservices/bulk-data-services.go:50.87,53.2 2 0
github.com/ryanjdew/go-marklogic-go/dataservices/bulk-data-services.go:56.91,59.2 2 1
github.com/ryanjdew/go-marklogic-go/dataservices/bulk-data-services.go:62.86,66.2 3 0
github.com/ryanjdew/go-marklogic-go/dataservices/bulk-data-services.go:69.73,71.44 2 1
github.com/ryanjdew/go-marklogic-go/dataservices/bulk-data-services.go:76.2,78.12 3 1
github.com/ryanjdew/go-marklogic-go/dataservices/bulk-data-services.go:71.44,75.3 3 1
github.com/ryanjdew/go-marklogic-go/dataservices/bulk-data-services.go:82.86,85.2 2 1
github.com/ryanjdew/go-marklogic-go/dataservices/bulk-data-services.go:88.48,90.2 1 1
github.com/ryanjdew/go-marklogic-go/dataservices/bulk-data-services.go:93.78,96.2 2 1
github.com/ryanjdew/go-marklogic-go/dataservices/bulk-data-services.go:99.81,102.2 2 0
github.com/ryanjdew/go-marklogic-go/dataservices/bulk-data-services.go:105.55,108.2 2 0
github.com/ryanjdew/go-marklogic-go/dataservices/bulk-data-services.go:111.49,113.2 1 1
github.com/ryanjdew/go-marklogic-go/dataservices/bulk-data-services.go:123.47,125.2 1 0
github.com/ryanjdew/go-marklogic-go/dataservices/bulk-data-services.go:128.52,130.38 2 1
github.com/ryanjdew/go-marklogic-go/dataservices/bulk-data-services.go:133.2,138.27 6 1
github.com/ryanjdew/go-marklogic-go/dataservices/bulk-data-services.go:144.2,147.35 4 1
github.com/ryanjdew/go-marklogic-go/dataservices/bulk-data-services.go:168.2,168.12 1 1
github.com/ryanjdew/go-marklogic-go/dataservices/bulk-data-services.go:130.38,132.3 1 1
github.com/ryanjdew/go-marklogic-go/dataservices/bulk-data-services.go:138.27,141.3 2 1
github.com/ryanjdew/go-marklogic-go/dataservices/bulk-data-services.go:141.8,143.3 1 1
github.com/ryanjdew/go-marklogic-go/dataservices/bulk-data-services.go:147.35,150.28 3 1
github.com/ryanjdew/go-marklogic-go/dataservices/bulk-data-services.go:155.3,157.35 3 1
github.com/ryanjdew/go-marklogic-go/dataservices/bulk-data-services.go:161.3,161.30 1 1
github.com/ryanjdew/go-marklogic-go/dataservices/bulk-data-services.go:166.3,166.65 1 1
github.com/ryanjdew/go-marklogic-go/dataservices/bulk-data-services.go:150.28,152.4 1 1
github.com/ryanjdew/go-marklogic-go/dataservices/bulk-data-services.go:152.9,154.4 1 1
github.com/ryanjdew/go-marklogic-go/dataservices/bulk-data-services.go:157.35,160.4 2 1
github.com/ryanjdew/go-marklogic-go/dataservices/bulk-data-services.go:161.30,163.4 1 1
github.com/ryanjdew/go-marklogic-go/dataservices/bulk-data-services.go:163.9,165.4 1 1
github.com/ryanjdew/go-marklogic-go/dataservices/bulk-data-services.go:172.53,174.35 2 1
github.com/ryanjdew/go-marklogic-go/dataservices/bulk-data-services.go:179.2,179.12 1 1
github.com/ryanjdew/go-marklogic-go/dataservices/bulk-data-services.go:174.35,176.3 1 0
github.com/ryanjdew/go-marklogic-go/dataservices/bulk-data-services.go:176.8,178.3 1 1
github.com/ryanjdew/go-marklogic-go/dataservices/bulk-data-services.go:182.118,193.6 7 1
github.com/ryanjdew/go-marklogic-go/dataservices/bulk-data-services.go:193.6,194.10 1 1
github.com/ryanjdew/go-marklogic-go/dataservices/bulk-data-services.go:195.38,196.22 1 1
github.com/ryanjdew/go-marklogic-go/dataservices/bulk-data-services.go:211.4,211.13 1 1
github.com/ryanjdew/go-marklogic-go/dataservices/bulk-data-services.go:196.22,197.38 1 1
github.com/ryanjdew/go-marklogic-go/dataservices/bulk-data-services.go:200.5,201.46 2 1
github.com/ryanjdew/go-marklogic-go/dataservices/bulk-data-services.go:197.38,199.6 1 0
github.com/ryanjdew/go-marklogic-go/dataservices/bulk-data-services.go:201.46,204.66 3 1
github.com/ryanjdew/go-marklogic-go/dataservices/bulk-data-services.go:204.66,206.7 1 0
github.com/ryanjdew/go-marklogic-go/dataservices/bulk-data-services.go:208.10,210.5 1 1
github.com/ryanjdew/go-marklogic-go/dataservices/bulk-data-services.go:211.13,213.34 2 1
github.com/ryanjdew/go-marklogic-go/dataservices/bulk-data-services.go:220.5,220.11 1 1
github.com/ryanjdew/go-marklogic-go/dataservices/bulk-data-services.go:213.34,216.66 3 0
github.com/ryanjdew/go-marklogic-go/dataservices/bulk-data-services.go:216.66,218.7 1 0
github.com/ryanjdew/go-marklogic-go/dataservices/bulk-data-services.go:227.92,235.6 5 1
github.com/ryanjdew/go-marklogic-go/dataservices/bulk-data-services.go:235.6,237.69 2 1
github.com/ryanjdew/go-marklogic-go/dataservices/bulk-data-services.go:237.69,239.4 1 1
github.com/ryanjdew/go-marklogic-go/dataservices/bulk-data-services.go:243.145,245.21 2 1
github.com/ryanjdew/go-marklogic-go/dataservices/bulk-data-services.go:252.2,253.24 2 1
github.com/ryanjdew/go-marklogic-go/dataservices/bulk-data-services.go:256.2,256.37 1 1
github.com/ryanjdew/go-marklogic-go/dataservices/bulk-data-services.go:259.2,262.31 4 1
github.com/ryanjdew/go-marklogic-go/dataservices/bulk-data-services.go:268.2,268.42 1 1
github.com/ryanjdew/go-marklogic-go/dataservices/bulk-data-services.go:277.2,277.12 1 1
github.com/ryanjdew/go-marklogic-go/dataservices/bulk-data-services.go:245.21,247.17 2 1
github.com/ryanjdew/go-marklogic-go/dataservices/bulk-data-services.go:250.3,250.54 1 1
github.com/ryanjdew/go-marklogic-go/dataservices/bulk-data-services.go:247.17,249.4 1 0
github.com/ryanjdew/go-marklogic-go/dataservices/bulk-data-services.go:253.24,255.3 1 1
github.com/ryanjdew/go-marklogic-go/dataservices/bulk-data-services.go:256.37,258.3 1 1
github.com/ryanjdew/go-marklogic-go/dataservices/bulk-data-services.go:262.31,263.25 1 1
github.com/ryanjdew/go-marklogic-go/dataservices/bulk-data-services.go:266.3,266.13 1 1
github.com/ryanjdew/go-marklogic-go/dataservices/bulk-data-services.go:263.25,265.4 1 1
github.com/ryanjdew/go-marklogic-go/dataservices/bulk-data-services.go:268.42,269.39 1 1
github.com/ryanjdew/go-marklogic-go/dataservices/bulk-data-services.go:269.39,271.4 1 1
github.com/ryanjdew/go-marklogic-go/dataservices/bulk-data-services.go:271.9,272.39 1 1
github.com/ryanjdew/go-marklogic-go/dataservices/bulk-data-services.go:272.39,274.5 1 0
github.com/ryanjdew/go-marklogic-go/dataservices/service.go:20.50,29.2 3 1
github.com/ryanjdew/go-marklogic-go/dataservices/service.go:32.69,44.2 1 1
github.com/ryanjdew/go-marklogic-go/dataservices/service.go:47.127,49.2 1 0
github.com/ryanjdew/go-marklogic-go/documents/documents.go:27.48,29.2 1 0
github.com/ryanjdew/go-marklogic-go/documents/documents.go:31.51,33.27 2 0
github.com/ryanjdew/go-marklogic-go/documents/documents.go:36.2,36.13 1 0
github.com/ryanjdew/go-marklogic-go/documents/documents.go:33.27,35.3 1 0
github.com/ryanjdew/go-marklogic-go/documents/documents.go:39.162,44.16 5 0
github.com/ryanjdew/go-marklogic-go/documents/documents.go:47.2,47.39 1 0
github.com/ryanjdew/go-marklogic-go/documents/documents.go:44.16,46.3 1 0
github.com/ryanjdew/go-marklogic-go/documents/documents.go:50.161,53.32 3 0
github.com/ryanjdew/go-marklogic-go/documents/documents.go:66.2,66.22 1 0
github.com/ryanjdew/go-marklogic-go/documents/documents.go:73.2,73.18 1 0
github.com/ryanjdew/go-marklogic-go/documents/documents.go:53.32,54.37 1 0
github.com/ryanjdew/go-marklogic-go/documents/documents.go:54.37,60.18 6 0
github.com/ryanjdew/go-marklogic-go/documents/documents.go:63.4,63.18 1 0
github.com/ryanjdew/go-marklogic-go/documents/documents.go:60.18,62.5 1 0
github.com/ryanjdew/go-marklogic-go/documents/documents.go:66.22,67.23 1 0
github.com/ryanjdew/go-marklogic-go/documents/documents.go:67.23,69.4 1 0
github.com/ryanjdew/go-marklogic-go/documents/documents.go:69.9,71.4 1 0
github.com/ryanjdew/go-marklogic-go/documents/documents.go:76.188,80.22 4 0
github.com/ryanjdew/go-marklogic-go/documents/documents.go:83.2,87.41 5 0
github.com/ryanjdew/go-marklogic-go/documents/documents.go:96.2,100.32 5 0
github.com/ryanjdew/go-marklogic-go/documents/documents.go:135.2,138.16 4 0
github.com/ryanjdew/go-marklogic-go/documents/documents.go:141.2,141.12 1 0
github.com/ryanjdew/go-marklogic-go/documents/documents.go:80.22,82.3 1 0
github.com/ryanjdew/go-marklogic-go/documents/documents.go:87.41,89.3 1 0
github.com/ryanjdew/go-marklogic-go/documents/documents.go:89.8,89.48 1 0
github.com/ryanjdew/go-marklogic-go/documents/documents.go:89.48,91.3 1 0
github.com/ryanjdew/go-marklogic-go/documents/documents.go:91.8,91.53 1 0
github.com/ryanjdew/go-marklogic-go/documents/documents.go:91.53,93.3 1 0
github.com/ryanjdew/go-marklogic-go/documents/documents.go:93.8,95.3 1 0
github.com/ryanjdew/go-marklogic-go/documents/documents.go:100.32,101.26 1 0
github.com/ryanjdew/go-marklogic-go/documents/documents.go:115.3,116.25 2 0
github.com/ryanjdew/go-marklogic-go/documents/documents.go:119.3,121.37 3 0
github.com/ryanjdew/go-marklogic-go/documents/documents.go:130.3,133.30 4 0
github.com/ryanjdew/go-marklogic-go/documents/documents.go:101.26,105.48 4 0
github.com/ryanjdew/go-marklogic-go/documents/documents.go:110.4,113.45 4 0
github.com/ryanjdew/go-marklogic-go/documents/documents.go:105.48,107.5 1 0
github.com/ryanjdew/go-marklogic-go/documents/documents.go:107.10,109.5 1 0
github.com/ryanjdew/go-marklogic-go/documents/documents.go:116.25,118.4 1 0
github.com/ryanjdew/go-marklogic-go/documents/documents.go:121.37,123.4 1 0
github.com/ryanjdew/go-marklogic-go/documents/documents.go:123.9,123.44 1 0
github.com/ryanjdew/go-marklogic-go/documents/documents.go:123.44,125.4 1 0
github.com/ryanjdew/go-marklogic-go/documents/documents.go:125.9,125.49 1 0
github.com/ryanjdew/go-marklogic-go/documents/documents.go:125.49,127.4 1 0
github.com/ryanjdew/go-marklogic-go/documents/documents.go:127.9,129.4 1 0
github.com/ryanjdew/go-marklogic-go/documents/documents.go:138.16,140.3 1 0
github.com/ryanjdew/go-marklogic-go/documents/documents.go:144.175,151.22 7 1
github.com/ryanjdew/go-marklogic-go/documents/documents.go:154.2,154.15 1 1
github.com/ryanjdew/go-marklogic-go/documents/documents.go:151.22,153.3 1 1
github.com/ryanjdew/go-marklogic-go/documents/metadata.go:34.43,36.2 1 1
github.com/ryanjdew/go-marklogic-go/documents/metadata.go:38.41,39.22 1 1
github.com/ryanjdew/go-marklogic-go/documents/metadata.go:42.2,42.12 1 1
github.com/ryanjdew/go-marklogic-go/documents/metadata.go:39.22,41.3 1 1
github.com/ryanjdew/go-marklogic-go/documents/metadata.go:46.53,47.34 1 1
github.com/ryanjdew/go-marklogic-go/documents/metadata.go:47.34,49.3 1 1
github.com/ryanjdew/go-marklogic-go/documents/metadata.go:49.8,51.3 1 1
github.com/ryanjdew/go-marklogic-go/documents/metadata.go:55.54,57.2 1 1
github.com/ryanjdew/go-marklogic-go/documents/metadata.go:60.59,63.35 3 1
github.com/ryanjdew/go-marklogic-go/documents/metadata.go:63.35,66.3 2 1
github.com/ryanjdew/go-marklogic-go/documents/metadata.go:66.8,69.3 2 1
github.com/ryanjdew/go-marklogic-go/documents/metadata.go:73.47,76.34 3 1
github.com/ryanjdew/go-marklogic-go/documents/metadata.go:83.2,83.16 1 1
github.com/ryanjdew/go-marklogic-go/documents/metadata.go:86.2,86.31 1 1
github.com/ryanjdew/go-marklogic-go/documents/metadata.go:76.34,79.3 2 1
github.com/ryanjdew/go-marklogic-go/documents/metadata.go:79.8,82.3 2 1
github.com/ryanjdew/go-marklogic-go/documents/metadata.go:83.16,84.13 1 0
github.com/ryanjdew/go-marklogic-go/documents/metadata.go:90.58,92.2 1 0
github.com/ryanjdew/go-marklogic-go/documents/metadata.go:95.46,97.2 1 0
github.com/ryanjdew/go-marklogic-go/documents/metadata.go:100.55,102.43 2 0
github.com/ryanjdew/go-marklogic-go/documents/metadata.go:110.2,110.23 1 0
github.com/ryanjdew/go-marklogic-go/documents/metadata.go:102.43,104.9 2 0
github.com/ryanjdew/go-marklogic-go/documents/metadata.go:104.9,106.4 1 0
github.com/ryanjdew/go-marklogic-go/documents/metadata.go:106.9,108.4 1 0
github.com/ryanjdew/go-marklogic-go/documents/service.go:16.50,20.2 1 0
github.com/ryanjdew/go-marklogic-go/documents/service.go:23.44,25.2 1 0
github.com/ryanjdew/go-marklogic-go/documents/service.go:28.156,30.2 1 0
github.com/ryanjdew/go-marklogic-go/documents/service.go:33.155,35.2 1 0
github.com/ryanjdew/go-marklogic-go/documents/service.go:38.182,40.2 1 0
github.com/ryanjdew/go-marklogic-go/management/serverProperties.go:85.155,86.19 1 0
github.com/ryanjdew/go-marklogic-go/management/serverProperties.go:89.2,90.16 2 0
github.com/ryanjdew/go-marklogic-go/management/serverProperties.go:93.2,93.40 1 0
github.com/ryanjdew/go-marklogic-go/management/serverProperties.go:86.19,88.3 1 0
github.com/ryanjdew/go-marklogic-go/management/serverProperties.go:90.16,92.3 1 0
github.com/ryanjdew/go-marklogic-go/management/serverProperties.go:97.131,98.19 1 1
github.com/ryanjdew/go-marklogic-go/management/serverProperties.go:101.2,102.16 2 1
github.com/ryanjdew/go-marklogic-go/management/serverProperties.go:105.2,105.42 1 1
github.com/ryanjdew/go-marklogic-go/management/serverProperties.go:98.19,100.3 1 0
github.com/ryanjdew/go-marklogic-go/management/serverProperties.go:102.16,104.3 1 0
github.com/ryanjdew/go-marklogic-go/management/serverProperties.go:118.51,120.2 1 1
github.com/ryanjdew/go-marklogic-go/management/serverProperties.go:122.49,123.22 1 1
github.com/ryanjdew/go-marklogic-go/management/serverProperties.go:126.2,126.12 1 1
github.com/ryanjdew/go-marklogic-go/management/serverProperties.go:123.22,125.3 1 1
github.com/ryanjdew/go-marklogic-go/management/serverProperties.go:130.61,134.35 4 1
github.com/ryanjdew/go-marklogic-go/management/serverProperties.go:134.35,136.3 1 1
github.com/ryanjdew/go-marklogic-go/management/serverProperties.go:136.8,138.3 1 0
github.com/ryanjdew/go-marklogic-go/management/serverProperties.go:142.62,144.2 1 0
github.com/ryanjdew/go-marklogic-go/management/serverProperties.go:147.77,149.2 1 1
github.com/ryanjdew/go-marklogic-go/management/serverProperties.go:152.75,155.35 3 1
github.com/ryanjdew/go-marklogic-go/management/serverProperties.go:155.35,158.3 2 1
github.com/ryanjdew/go-marklogic-go/management/serverProperties.go:158.8,161.3 2 0
github.com/ryanjdew/go-marklogic-go/management/serverProperties.go:165.58,167.2 1 0
github.com/ryanjdew/go-marklogic-go/management/serverProperties.go:170.55,173.2 2 1
github.com/ryanjdew/go-marklogic-go/management/serverProperties.go:176.66,178.2 1 1
github.com/ryanjdew/go-marklogic-go/management/serverProperties.go:181.54,183.2 1 0
github.com/ryanjdew/go-marklogic-go/management/databaseProperties.go:173.125,175.16 2 0
github.com/ryanjdew/go-marklogic-go/management/databaseProperties.go:178.2,178.48 1 0
github.com/ryanjdew/go-marklogic-go/management/databaseProperties.go:175.16,177.3 1 0
github.com/ryanjdew/go-marklogic-go/management/databaseProperties.go:182.125,184.16 2 1
github.com/ryanjdew/go-marklogic-go/management/databaseProperties.go:187.2,187.48 1 1
github.com/ryanjdew/go-marklogic-go/management/databaseProperties.go:184.16,186.3 1 0
github.com/ryanjdew/go-marklogic-go/management/databaseProperties.go:200.53,202.2 1 1
github.com/ryanjdew/go-marklogic-go/management/databaseProperties.go:204.51,205.22 1 1
github.com/ryanjdew/go-marklogic-go/management/databaseProperties.go:208.2,208.12 1 1
github.com/ryanjdew/go-marklogic-go/management/databaseProperties.go:205.22,207.3 1 1
github.com/ryanjdew/go-marklogic-go/management/databaseProperties.go:212.63,216.35 4 1
github.com/ryanjdew/go-marklogic-go/management/databaseProperties.go:216.35,218.3 1 1
github.com/ryanjdew/go-marklogic-go/management/databaseProperties.go:218.8,220.3 1 0
github.com/ryanjdew/go-marklogic-go/management/databaseProperties.go:224.64,226.2 1 0
github.com/ryanjdew/go-marklogic-go/management/databaseProperties.go:229.79,231.2 1 1
github.com/ryanjdew/go-marklogic-go/management/databaseProperties.go:234.79,237.35 3 1
github.com/ryanjdew/go-marklogic-go/management/databaseProperties.go:237.35,240.3 2 1
github.com/ryanjdew/go-marklogic-go/management/databaseProperties.go:240.8,243.3 2 0
github.com/ryanjdew/go-marklogic-go/management/databaseProperties.go:247.62,249.2 1 0
github.com/ryanjdew/go-marklogic-go/management/databaseProperties.go:252.57,255.2 2 1
github.com/ryanjdew/go-marklogic-go/management/databaseProperties.go:258.68,260.2 1 1
github.com/ryanjdew/go-marklogic-go/management/databaseProperties.go:263.56,265.2 1 0
github.com/ryanjdew/go-marklogic-go/resources/resources.go:11.118,15.16 4 0
github.com/ryanjdew/go-marklogic-go/resources/resources.go:18.2,18.39 1 0
github.com/ryanjdew/go-marklogic-go/resources/resources.go:15.16,17.3 1 0
github.com/ryanjdew/go-marklogic-go/resources/resources.go:21.146,25.16 4 0
github.com/ryanjdew/go-marklogic-go/resources/resources.go:28.2,28.39 1 0
github.com/ryanjdew/go-marklogic-go/resources/resources.go:25.16,27.3 1 0
github.com/ryanjdew/go-marklogic-go/resources/resources.go:31.145,35.16 4 0
github.com/ryanjdew/go-marklogic-go/resources/resources.go:38.2,38.39 1 0
github.com/ryanjdew/go-marklogic-go/resources/resources.go:35.16,37.3 1 0
github.com/ryanjdew/go-marklogic-go/resources/resources.go:41.121,45.16 4 0
github.com/ryanjdew/go-marklogic-go/resources/resources.go:48.2,48.39 1 0
github.com/ryanjdew/go-marklogic-go/resources/resources.go:45.16,47.3 1 0
github.com/ryanjdew/go-marklogic-go/resources/service.go:15.50,19.2 1 0
github.com/ryanjdew/go-marklogic-go/resources/service.go:22.112,24.2 1 0
github.com/ryanjdew/go-marklogic-go/resources/service.go:27.140,29.2 1 0
github.com/ryanjdew/go-marklogic-go/resources/service.go:32.139,34.2 1 0
github.com/ryanjdew/go-marklogic-go/resources/service.go:37.115,39.2 1 0
github.com/ryanjdew/go-marklogic-go/search/suggest.go:31.55,33.2 1 1
github.com/ryanjdew/go-marklogic-go/search/suggest.go:35.53,36.23 1 1
github.com/ryanjdew/go-marklogic-go/search/suggest.go:39.2,39.13 1 1
github.com/ryanjdew/go-marklogic-go/search/suggest.go:36.23,38.3 1 1
github.com/ryanjdew/go-marklogic-go/search/suggest.go:43.65,47.36 4 1
github.com/ryanjdew/go-marklogic-go/search/suggest.go:47.36,49.3 1 1
github.com/ryanjdew/go-marklogic-go/search/suggest.go:49.8,51.3 1 1
github.com/ryanjdew/go-marklogic-go/search/suggest.go:55.66,57.2 1 0
github.com/ryanjdew/go-marklogic-go/search/suggest.go:60.81,62.2 1 1
github.com/ryanjdew/go-marklogic-go/search/suggest.go:65.82,68.36 3 0
github.com/ryanjdew/go-marklogic-go/search/suggest.go:68.36,71.3 2 0
github.com/ryanjdew/go-marklogic-go/search/suggest.go:71.8,74.3 2 0
github.com/ryanjdew/go-marklogic-go/search/suggest.go:78.66,80.2 1 1
github.com/ryanjdew/go-marklogic-go/search/suggest.go:83.59,86.2 2 0
github.com/ryanjdew/go-marklogic-go/search/suggest.go:89.70,91.2 1 1
github.com/ryanjdew/go-marklogic-go/search/suggest.go:94.58,96.2 1 0
github.com/ryanjdew/go-marklogic-go/search/suggest.go:99.152,101.19 2 1
github.com/ryanjdew/go-marklogic-go/search/suggest.go:104.2,106.16 3 1
github.com/ryanjdew/go-marklogic-go/search/suggest.go:109.2,109.39 1 1
github.com/ryanjdew/go-marklogic-go/search/suggest.go:101.19,103.3 1 1
github.com/ryanjdew/go-marklogic-go/search/suggest.go:106.16,108.3 1 0
github.com/ryanjdew/go-marklogic-go/search/jsonHelper.go:10.63,11.17 1 1
github.com/ryanjdew/go-marklogic-go/search/jsonHelper.go:21.2,21.18 1 1
github.com/ryanjdew/go-marklogic-go/search/jsonHelper.go:11.17,12.26 1 1
github.com/ryanjdew/go-marklogic-go/search/jsonHelper.go:13.23,16.25 3 1
github.com/ryanjdew/go-marklogic-go/search/jsonHelper.go:17.11,17.11 0 1
github.com/ryanjdew/go-marklogic-go/search/jsonHelper.go:26.74,28.54 2 1
github.com/ryanjdew/go-marklogic-go/search/jsonHelper.go:41.2,41.38 1 1
github.com/ryanjdew/go-marklogic-go/search/jsonHelper.go:28.54,29.60 1 1
github.com/ryanjdew/go-marklogic-go/search/jsonHelper.go:39.3,39.46 1 1
github.com/ryanjdew/go-marklogic-go/search/jsonHelper.go:29.60,30.33 1 1
github.com/ryanjdew/go-marklogic-go/search/jsonHelper.go:30.33,32.20 2 1
github.com/ryanjdew/go-marklogic-go/search/jsonHelper.go:35.5,35.39 1 1
github.com/ryanjdew/go-marklogic-go/search/jsonHelper.go:32.20,33.14 1 1
github.com/ryanjdew/go-marklogic-go/search/jsonHelper.go:44.46,46.16 2 1
github.com/ryanjdew/go-marklogic-go/search/jsonHelper.go:49.2,49.39 1 1
github.com/ryanjdew/go-marklogic-go/search/jsonHelper.go:46.16,48.3 1 0
github.com/ryanjdew/go-marklogic-go/search/jsonHelper.go:54.74,58.49 4 1
github.com/ryanjdew/go-marklogic-go/search/jsonHelper.go:61.2,61.32 1 1
github.com/ryanjdew/go-marklogic-go/search/jsonHelper.go:66.2,68.59 3 1
github.com/ryanjdew/go-marklogic-go/search/jsonHelper.go:96.2,96.18 1 1
github.com/ryanjdew/go-marklogic-go/search/jsonHelper.go:58.49,60.3 1 0
github.com/ryanjdew/go-marklogic-go/search/jsonHelper.go:61.32,65.3 3 1
github.com/ryanjdew/go-marklogic-go/search/jsonHelper.go:68.59,71.55 3 1
github.com/ryanjdew/go-marklogic-go/search/jsonHelper.go:74.3,74.88 1 1
github.com/ryanjdew/go-marklogic-go/search/jsonHelper.go:77.3,78.39 2 1
github.com/ryanjdew/go-marklogic-go/search/jsonHelper.go:85.3,87.49 3 1
github.com/ryanjdew/go-marklogic-go/search/jsonHelper.go:94.3,94.34 1 1
github.com/ryanjdew/go-marklogic-go/search/jsonHelper.go:71.55,73.4 1 0
github.com/ryanjdew/go-marklogic-go/search/jsonHelper.go:74.88,76.4 1 0
github.com/ryanjdew/go-marklogic-go/search/jsonHelper.go:78.39,80.18 2 1
github.com/ryanjdew/go-marklogic-go/search/jsonHelper.go:83.4,83.27 1 1
github.com/ryanjdew/go-marklogic-go/search/jsonHelper.go:80.18,81.13 1 0
github.com/ryanjdew/go-marklogic-go/search/jsonHelper.go:87.49,88.28 1 1
github.com/ryanjdew/go-marklogic-go/search/jsonHelper.go:88.28,90.5 1 1
github.com/ryanjdew/go-marklogic-go/search/jsonHelper.go:90.10,92.5 1 1
github.com/ryanjdew/go-marklogic-go/search/query.go:10.51,12.2 1 1
github.com/ryanjdew/go-marklogic-go/search/query.go:24.40,26.2 1 1
github.com/ryanjdew/go-marklogic-go/search/query.go:28.38,29.22 1 1
github.com/ryanjdew/go-marklogic-go/search/query.go:32.2,32.12 1 1
github.com/ryanjdew/go-marklogic-go/search/query.go:29.22,31.3 1 1
github.com/ryanjdew/go-marklogic-go/search/query.go:36.50,40.35 4 1
github.com/ryanjdew/go-marklogic-go/search/query.go:40.35,43.3 2 1
github.com/ryanjdew/go-marklogic-go/search/query.go:43.8,45.3 1 1
github.com/ryanjdew/go-marklogic-go/search/query.go:49.51,51.2 1 0
github.com/ryanjdew/go-marklogic-go/search/query.go:54.53,57.35 3 1
github.com/ryanjdew/go-marklogic-go/search/query.go:57.35,60.3 2 1
github.com/ryanjdew/go-marklogic-go/search/query.go:60.8,63.3 2 1
github.com/ryanjdew/go-marklogic-go/search/query.go:67.62,68.22 1 1
github.com/ryanjdew/go-marklogic-go/search/query.go:71.2,71.30 1 1
github.com/ryanjdew/go-marklogic-go/search/query.go:68.22,70.3 1 0
github.com/ryanjdew/go-marklogic-go/search/query.go:75.37,77.2 1 1
github.com/ryanjdew/go-marklogic-go/search/query.go:80.44,83.2 2 1
github.com/ryanjdew/go-marklogic-go/search/query.go:86.55,88.2 1 0
github.com/ryanjdew/go-marklogic-go/search/query.go:91.43,93.2 1 0
github.com/ryanjdew/go-marklogic-go/search/query.go:416.76,420.2 3 1
github.com/ryanjdew/go-marklogic-go/search/query.go:423.78,427.2 3 0
github.com/ryanjdew/go-marklogic-go/search/query.go:432.79,435.16 3 0
github.com/ryanjdew/go-marklogic-go/search/query.go:438.2,441.13 4 0
github.com/ryanjdew/go-marklogic-go/search/query.go:435.16,437.3 1 0
github.com/ryanjdew/go-marklogic-go/search/query.go:445.84,449.2 3 0
github.com/ryanjdew/go-marklogic-go/search/query.go:452.84,456.2 3 0
github.com/ryanjdew/go-marklogic-go/search/query.go:459.79,463.2 3 0
github.com/ryanjdew/go-marklogic-go/search/query.go:468.80,471.16 3 0
github.com/ryanjdew/go-marklogic-go/search/query.go:474.2,479.13 6 0
github.com/ryanjdew/go-marklogic-go/search/query.go:471.16,473.3 1 0
github.com/ryanjdew/go-marklogic-go/search/query.go:483.84,487.2 3 0
github.com/ryanjdew/go-marklogic-go/search/query.go:490.84,494.2 3 0
github.com/ryanjdew/go-marklogic-go/search/query.go:497.86,501.2 3 0
github.com/ryanjdew/go-marklogic-go/search/query.go:506.85,509.16 3 0
github.com/ryanjdew/go-marklogic-go/search/query.go:512.2,517.13 6 0
github.com/ryanjdew/go-marklogic-go/search/query.go:509.16,511.3 1 0
github.com/ryanjdew/go-marklogic-go/search/query.go:521.92,525.2 3 0
github.com/ryanjdew/go-marklogic-go/search/query.go:528.81,532.2 3 0
github.com/ryanjdew/go-marklogic-go/search/query.go:535.93,537.6 2 1
github.com/ryanjdew/go-marklogic-go/search/query.go:537.6,538.62 1 1
github.com/ryanjdew/go-marklogic-go/search/query.go:538.62,539.29 1 1
github.com/ryanjdew/go-marklogic-go/search/query.go:540.26,544.33 4 1
github.com/ryanjdew/go-marklogic-go/search/query.go:545.24,547.95 2 1
github.com/ryanjdew/go-marklogic-go/search/query.go:547.95,549.6 1 0
github.com/ryanjdew/go-marklogic-go/search/query.go:551.9,553.4 1 1
github.com/ryanjdew/go-marklogic-go/search/query.go:557.58,558.21 1 1
github.com/ryanjdew/go-marklogic-go/search/query.go:559.15,560.18 1 1
github.com/ryanjdew/go-marklogic-go/search/query.go:561.18,562.20 1 0
github.com/ryanjdew/go-marklogic-go/search/query.go:563.19,564.21 1 1
github.com/ryanjdew/go-marklogic-go/search/query.go:565.20,566.22 1 1
github.com/ryanjdew/go-marklogic-go/search/query.go:567.23,568.24 1 0
github.com/ryanjdew/go-marklogic-go/search/query.go:569.24,570.26 1 0
github.com/ryanjdew/go-marklogic-go/search/query.go:571.24,572.26 1 0
github.com/ryanjdew/go-marklogic-go/search/query.go:573.19,574.21 1 0
github.com/ryanjdew/go-marklogic-go/search/query.go:575.22,576.23 1 0
github.com/ryanjdew/go-marklogic-go/search/query.go:577.20,578.22 1 0
github.com/ryanjdew/go-marklogic-go/search/query.go:579.21,580.23 1 0
github.com/ryanjdew/go-marklogic-go/search/query.go:581.24,582.26 1 0
github.com/ryanjdew/go-marklogic-go/search/query.go:583.24,584.26 1 0
github.com/ryanjdew/go-marklogic-go/search/query.go:585.26,586.28 1 0
github.com/ryanjdew/go-marklogic-go/search/query.go:587.25,588.27 1 0
github.com/ryanjdew/go-marklogic-go/search/query.go:589.26,590.28 1 0
github.com/ryanjdew/go-marklogic-go/search/query.go:591.25,592.27 1 0
github.com/ryanjdew/go-marklogic-go/search/query.go:593.17,594.25 1 0
github.com/ryanjdew/go-marklogic-go/search/query.go:595.19,596.27 1 0
github.com/ryanjdew/go-marklogic-go/search/query.go:597.24,598.26 1 0
github.com/ryanjdew/go-marklogic-go/search/query.go:599.33,600.34 1 0
github.com/ryanjdew/go-marklogic-go/search/query.go:601.21,602.23 1 0
github.com/ryanjdew/go-marklogic-go/search/query.go:603.21,604.23 1 0
github.com/ryanjdew/go-marklogic-go/search/query.go:605.15,606.27 1 0
github.com/ryanjdew/go-marklogic-go/search/query.go:607.21,608.23 1 0
github.com/ryanjdew/go-marklogic-go/search/query.go:609.20,610.22 1 0
github.com/ryanjdew/go-marklogic-go/search/query.go:611.16,612.24 1 0
github.com/ryanjdew/go-marklogic-go/search/query.go:613.17,614.20 1 0
github.com/ryanjdew/go-marklogic-go/search/query.go:615.15,616.18 1 0
github.com/ryanjdew/go-marklogic-go/search/query.go:617.13,618.16 1 0
github.com/ryanjdew/go-marklogic-go/search/query.go:619.16,620.19 1 0
github.com/ryanjdew/go-marklogic-go/search/query.go:621.17,622.20 1 0
github.com/ryanjdew/go-marklogic-go/search/query.go:623.24,624.25 1 0
github.com/ryanjdew/go-marklogic-go/search/query.go:625.13,626.16 1 0
github.com/ryanjdew/go-marklogic-go/search/query.go:627.13,628.16 1 0
github.com/ryanjdew/go-marklogic-go/search/query.go:629.29,630.29 1 0
github.com/ryanjdew/go-marklogic-go/search/query.go:631.29,632.29 1 0
github.com/ryanjdew/go-marklogic-go/search/query.go:633.24,634.25 1 0
github.com/ryanjdew/go-marklogic-go/search/query.go:635.10,636.13 1 0
github.com/ryanjdew/go-marklogic-go/search/search.go:29.43,31.2 1 1
github.com/ryanjdew/go-marklogic-go/search/search.go:33.41,34.22 1 1
github.com/ryanjdew/go-marklogic-go/search/search.go:37.2,37.12 1 1
github.com/ryanjdew/go-marklogic-go/search/search.go:34.22,36.3 1 1
github.com/ryanjdew/go-marklogic-go/search/search.go:41.53,45.35 4 1
github.com/ryanjdew/go-marklogic-go/search/search.go:45.35,47.3 1 0
github.com/ryanjdew/go-marklogic-go/search/search.go:47.8,49.3 1 1
github.com/ryanjdew/go-marklogic-go/search/search.go:53.54,55.2 1 0
github.com/ryanjdew/go-marklogic-go/search/search.go:58.69,60.2 1 1
github.com/ryanjdew/go-marklogic-go/search/search.go:63.59,66.35 3 0
github.com/ryanjdew/go-marklogic-go/search/search.go:66.35,69.3 2 0
github.com/ryanjdew/go-marklogic-go/search/search.go:69.8,72.3 2 0
github.com/ryanjdew/go-marklogic-go/search/search.go:76.43,78.2 1 1
github.com/ryanjdew/go-marklogic-go/search/search.go:81.47,84.2 2 0
github.com/ryanjdew/go-marklogic-go/search/search.go:87.58,89.2 1 1
github.com/ryanjdew/go-marklogic-go/search/search.go:92.46,94.2 1 0
github.com/ryanjdew/go-marklogic-go/search/search.go:153.145,158.16 5 1
github.com/ryanjdew/go-marklogic-go/search/search.go:161.2,161.39 1 1
github.com/ryanjdew/go-marklogic-go/search/search.go:158.16,160.3 1 0
github.com/ryanjdew/go-marklogic-go/search/search.go:165.131,170.16 5 0
github.com/ryanjdew/go-marklogic-go/search/search.go:173.2,173.39 1 0
github.com/ryanjdew/go-marklogic-go/search/search.go:170.16,172.3 1 0
github.com/ryanjdew/go-marklogic-go/search/search.go:177.163,182.16 5 1
github.com/ryanjdew/go-marklogic-go/search/search.go:185.2,185.39 1 1
github.com/ryanjdew/go-marklogic-go/search/search.go:182.16,184.3 1 0
github.com/ryanjdew/go-marklogic-go/search/search.go:189.76,190.28 1 1
github.com/ryanjdew/go-marklogic-go/search/search.go:197.2,197.6 1 1
github.com/ryanjdew/go-marklogic-go/search/search.go:190.28,192.32 2 1
github.com/ryanjdew/go-marklogic-go/search/search.go:192.32,194.9 2 1
github.com/ryanjdew/go-marklogic-go/search/search.go:197.6,198.62 1 1
github.com/ryanjdew/go-marklogic-go/search/search.go:198.62,199.29 1 1
github.com/ryanjdew/go-marklogic-go/search/search.go:200.26,208.34 5 1
github.com/ryanjdew/go-marklogic-go/search/search.go:209.24,211.67 2 1
github.com/ryanjdew/go-marklogic-go/search/search.go:214.22,220.34 3 1
github.com/ryanjdew/go-marklogic-go/search/search.go:211.67,213.6 1 1
github.com/ryanjdew/go-marklogic-go/search/search.go:222.9,224.4 1 0
github.com/ryanjdew/go-marklogic-go/search/service.go:16.50,20.2 1 0
github.com/ryanjdew/go-marklogic-go/search/service.go:23.139,25.2 1 0
github.com/ryanjdew/go-marklogic-go/search/service.go:28.157,30.2 1 0
github.com/ryanjdew/go-marklogic-go/search/service.go:33.177,35.2 1 0
github.com/ryanjdew/go-marklogic-go/search/service.go:38.125,40.2 1 0
github.com/ryanjdew/go-marklogic-go/semantics/things.go:22.41,24.2 1 0
github.com/ryanjdew/go-marklogic-go/semantics/things.go:26.39,27.22 1 0
github.com/ryanjdew/go-marklogic-go/semantics/things.go:30.2,30.12 1 0
github.com/ryanjdew/go-marklogic-go/semantics/things.go:27.22,29.3 1 0
github.com/ryanjdew/go-marklogic-go/semantics/things.go:34.51,39.2 4 0
github.com/ryanjdew/go-marklogic-go/semantics/things.go:42.52,44.2 1 0
github.com/ryanjdew/go-marklogic-go/semantics/things.go:47.67,49.2 1 0
github.com/ryanjdew/go-marklogic-go/semantics/things.go:52.57,57.2 4 0
github.com/ryanjdew/go-marklogic-go/semantics/things.go:60.39,62.2 1 0
github.com/ryanjdew/go-marklogic-go/semantics/things.go:65.45,68.2 2 0
github.com/ryanjdew/go-marklogic-go/semantics/things.go:71.56,73.2 1 0
github.com/ryanjdew/go-marklogic-go/semantics/things.go:76.44,78.2 1 0
github.com/ryanjdew/go-marklogic-go/semantics/things.go:85.85,88.16 3 0
github.com/ryanjdew/go-marklogic-go/semantics/things.go:91.2,91.39 1 0
github.com/ryanjdew/go-marklogic-go/semantics/things.go:88.16,90.3 1 0
github.com/ryanjdew/go-marklogic-go/semantics/service.go:15.50,19.2 1 0
github.com/ryanjdew/go-marklogic-go/semantics/service.go:22.79,24.2 1 0
github.com/ryanjdew/go-marklogic-go/util/internals.go:25.46,27.2 1 0
github.com/ryanjdew/go-marklogic-go/util/internals.go:29.44,30.23 1 0
github.com/ryanjdew/go-marklogic-go/util/internals.go:33.2,33.13 1 0
github.com/ryanjdew/go-marklogic-go/util/internals.go:30.23,32.3 1 0
github.com/ryanjdew/go-marklogic-go/util/internals.go:37.56,41.36 4 0
github.com/ryanjdew/go-marklogic-go/util/internals.go:41.36,43.3 1 0
github.com/ryanjdew/go-marklogic-go/util/internals.go:43.8,45.3 1 0
github.com/ryanjdew/go-marklogic-go/util/internals.go:49.57,51.2 1 0
github.com/ryanjdew/go-marklogic-go/util/internals.go:54.64,57.36 3 0
github.com/ryanjdew/go-marklogic-go/util/internals.go:57.36,60.3 2 0
github.com/ryanjdew/go-marklogic-go/util/internals.go:60.8,63.3 2 0
github.com/ryanjdew/go-marklogic-go/util/internals.go:67.68,68.23 1 0
github.com/ryanjdew/go-marklogic-go/util/internals.go:71.2,71.31 1 0
github.com/ryanjdew/go-marklogic-go/util/internals.go:68.23,70.3 1 0
github.com/ryanjdew/go-marklogic-go/util/internals.go:75.50,77.2 1 0
github.com/ryanjdew/go-marklogic-go/util/internals.go:80.50,83.2 2 0
github.com/ryanjdew/go-marklogic-go/util/internals.go:86.61,88.2 1 0
github.com/ryanjdew/go-marklogic-go/util/internals.go:91.49,93.2 1 0
github.com/ryanjdew/go-marklogic-go/util/internals.go:96.72,98.2 1 0
github.com/ryanjdew/go-marklogic-go/util/internals.go:113.46,114.26 1 0
github.com/ryanjdew/go-marklogic-go/util/internals.go:121.2,121.16 1 0
github.com/ryanjdew/go-marklogic-go/util/internals.go:114.26,116.3 1 0
github.com/ryanjdew/go-marklogic-go/util/internals.go:116.8,116.35 1 0
github.com/ryanjdew/go-marklogic-go/util/internals.go:116.35,118.3 1 0
github.com/ryanjdew/go-marklogic-go/util/internals.go:118.8,118.37 1 0
github.com/ryanjdew/go-marklogic-go/util/internals.go:118.37,120.3 1 0
github.com/ryanjdew/go-marklogic-go/util/internals.go:125.52,131.2 5 0
github.com/ryanjdew/go-marklogic-go/util/internals.go:134.99,137.36 3 0
github.com/ryanjdew/go-marklogic-go/util/internals.go:141.2,142.32 2 0
github.com/ryanjdew/go-marklogic-go/util/internals.go:156.2,156.22 1 0
github.com/ryanjdew/go-marklogic-go/util/internals.go:137.36,139.3 1 0
github.com/ryanjdew/go-marklogic-go/util/internals.go:142.32,143.34 1 0
github.com/ryanjdew/go-marklogic-go/util/internals.go:143.34,145.4 1 0
github.com/ryanjdew/go-marklogic-go/util/internals.go:145.9,154.4 1 0
github.com/ryanjdew/go-marklogic-go/util/internals.go:167.39,169.2 1 0
github.com/ryanjdew/go-marklogic-go/util/internals.go:171.37,172.22 1 0
github.com/ryanjdew/go-marklogic-go/util/internals.go:175.2,175.12 1 0
github.com/ryanjdew/go-marklogic-go/util/internals.go:172.22,174.3 1 0
github.com/ryanjdew/go-marklogic-go/util/internals.go:179.49,184.27 5 0
github.com/ryanjdew/go-marklogic-go/util/internals.go:189.2,189.24 1 0
github.com/ryanjdew/go-marklogic-go/util/internals.go:184.27,185.16 1 0
github.com/ryanjdew/go-marklogic-go/util/internals.go:185.16,187.4 1 0
github.com/ryanjdew/go-marklogic-go/util/internals.go:193.50,195.2 1 0
github.com/ryanjdew/go-marklogic-go/util/internals.go:198.51,202.2 3 0
github.com/ryanjdew/go-marklogic-go/util/internals.go:205.38,207.2 1 0
github.com/ryanjdew/go-marklogic-go/util/internals.go:210.43,213.2 2 0
github.com/ryanjdew/go-marklogic-go/util/internals.go:216.54,218.2 1 0
github.com/ryanjdew/go-marklogic-go/util/internals.go:221.42,223.2 1 0
github.com/ryanjdew/go-marklogic-go/util/internals.go:226.65,228.2 1 0
github.com/ryanjdew/go-marklogic-go/util/internals.go:239.42,247.16 3 0
github.com/ryanjdew/go-marklogic-go/util/internals.go:250.2,255.16 5 0
github.com/ryanjdew/go-marklogic-go/util/internals.go:258.2,258.36 1 0
github.com/ryanjdew/go-marklogic-go/util/internals.go:247.16,249.3 1 0
github.com/ryanjdew/go-marklogic-go/util/internals.go:255.16,257.3 1 0
github.com/ryanjdew/go-marklogic-go/util/transaction.go:68.53,75.2 6 0
github.com/ryanjdew/go-marklogic-go/util/transaction.go:78.36,79.18 1 0
github.com/ryanjdew/go-marklogic-go/util/transaction.go:82.2,83.22 2 0
github.com/ryanjdew/go-marklogic-go/util/transaction.go:86.2,88.16 3 0
github.com/ryanjdew/go-marklogic-go/util/transaction.go:91.2,93.16 3 0
github.com/ryanjdew/go-marklogic-go/util/transaction.go:96.2,96.28 1 0
github.com/ryanjdew/go-marklogic-go/util/transaction.go:99.2,101.13 3 0
github.com/ryanjdew/go-marklogic-go/util/transaction.go:79.18,81.3 1 0
github.com/ryanjdew/go-marklogic-go/util/transaction.go:83.22,85.3 1 0
github.com/ryanjdew/go-marklogic-go/util/transaction.go:88.16,90.3 1 0
github.com/ryanjdew/go-marklogic-go/util/transaction.go:93.16,95.3 1 0
github.com/ryanjdew/go-marklogic-go/util/transaction.go:96.28,98.3 1 0
github.com/ryanjdew/go-marklogic-go/util/transaction.go:105.37,107.2 1 0
github.com/ryanjdew/go-marklogic-go/util/transaction.go:110.39,112.2 1 0
github.com/ryanjdew/go-marklogic-go/util/transaction.go:114.59,118.16 4 0
github.com/ryanjdew/go-marklogic-go/util/transaction.go:121.2,121.43 1 0
github.com/ryanjdew/go-marklogic-go/util/transaction.go:118.16,120.3 1 0
github.com/ryanjdew/go-marklogic-go/util/transaction.go:125.53,127.2 1 0
github.com/ryanjdew/go-marklogic-go/util/transaction.go:129.51,130.23 1 0
github.com/ryanjdew/go-marklogic-go/util/transaction.go:133.2,133.13 1 0
github.com/ryanjdew/go-marklogic-go/util/transaction.go:130.23,132.3 1 0
github.com/ryanjdew/go-marklogic-go/util/transaction.go:137.63,142.2 4 0
github.com/ryanjdew/go-marklogic-go/util/transaction.go:145.64,147.2 1 0
github.com/ryanjdew/go-marklogic-go/util/transaction.go:150.78,155.2 4 0
github.com/ryanjdew/go-marklogic-go/util/transaction.go:158.75,159.23 1 0
github.com/ryanjdew/go-marklogic-go/util/transaction.go:162.2,162.31 1 0
github.com/ryanjdew/go-marklogic-go/util/transaction.go:159.23,161.3 1 0
github.com/ryanjdew/go-marklogic-go/util/transaction.go:166.62,168.2 1 0
github.com/ryanjdew/go-marklogic-go/util/transaction.go:171.57,174.2 2 0
github.com/ryanjdew/go-marklogic-go/util/transaction.go:177.68,179.2 1 0
github.com/ryanjdew/go-marklogic-go/util/transaction.go:182.56,184.2 1 0
github.com/ryanjdew/go-marklogic-go/util/transaction.go:187.79,189.2 1 0
github.com/ryanjdew/go-marklogic-go/util/transform.go:12.43,14.37 2 0
github.com/ryanjdew/go-marklogic-go/util/transform.go:17.2,17.15 1 0
github.com/ryanjdew/go-marklogic-go/util/transform.go:14.37,16.3 1 0
github.com/ryanjdew/go-marklogic-go/util/util.go:20.89,24.28 2 0
github.com/ryanjdew/go-marklogic-go/util/util.go:29.2,31.27 2 0
github.com/ryanjdew/go-marklogic-go/util/util.go:36.2,36.34 1 0
github.com/ryanjdew/go-marklogic-go/util/util.go:40.2,40.12 1 0
github.com/ryanjdew/go-marklogic-go/util/util.go:24.28,27.3 2 0
github.com/ryanjdew/go-marklogic-go/util/util.go:31.27,32.42 1 0
github.com/ryanjdew/go-marklogic-go/util/util.go:32.42,34.4 1 0
github.com/ryanjdew/go-marklogic-go/util/util.go:36.34,38.3 1 0
github.com/ryanjdew/go-marklogic-go/util/util.go:44.84,45.31 1 0
github.com/ryanjdew/go-marklogic-go/util/util.go:52.2,52.15 1 0
github.com/ryanjdew/go-marklogic-go/util/util.go:45.31,47.20 2 0
github.com/ryanjdew/go-marklogic-go/util/util.go:50.3,50.74 1 0
github.com/ryanjdew/go-marklogic-go/util/util.go:47.20,49.4 1 0
github.com/ryanjdew/go-marklogic-go/util/util.go:56.86,57.18 1 0
github.com/ryanjdew/go-marklogic-go/util/util.go:60.2,60.33 1 0
github.com/ryanjdew/go-marklogic-go/util/util.go:69.2,69.15 1 0
github.com/ryanjdew/go-marklogic-go/util/util.go:57.18,59.3 1 0
github.com/ryanjdew/go-marklogic-go/util/util.go:60.33,61.18 1 0
github.com/ryanjdew/go-marklogic-go/util/util.go:61.18,63.21 2 0
github.com/ryanjdew/go-marklogic-go/util/util.go:66.4,66.77 1 0
github.com/ryanjdew/go-marklogic-go/util/util.go:63.21,65.5 1 0
github.com/ryanjdew/go-marklogic-go/util/util.go:73.69,74.29 1 0
github.com/ryanjdew/go-marklogic-go/util/util.go:81.2,81.15 1 0
github.com/ryanjdew/go-marklogic-go/util/util.go:74.29,76.19 2 0
github.com/ryanjdew/go-marklogic-go/util/util.go:79.3,79.81 1 0
github.com/ryanjdew/go-marklogic-go/util/util.go:76.19,78.4 1 0
github.com/ryanjdew/go-marklogic-go/util/util.go:85.74,86.24 1 0
github.com/ryanjdew/go-marklogic-go/util/util.go:96.2,96.15 1 0
github.com/ryanjdew/go-marklogic-go/util/util.go:86.24,87.27 1 0
github.com/ryanjdew/go-marklogic-go/util/util.go:90.3,91.19 2 0
github.com/ryanjdew/go-marklogic-go/util/util.go:94.3,94.74 1 0
github.com/ryanjdew/go-marklogic-go/util/util.go:87.27,89.4 1 0
github.com/ryanjdew/go-marklogic-go/util/util.go:91.19,93.4 1 0
github.com/ryanjdew/go-marklogic-go/util/util.go:100.126,102.22 2 0
github.com/ryanjdew/go-marklogic-go/util/util.go:105.2,106.33 2 0
github.com/ryanjdew/go-marklogic-go/util/util.go:111.2,111.17 1 0
github.com/ryanjdew/go-marklogic-go/util/util.go:102.22,104.3 1 0
github.com/ryanjdew/go-marklogic-go/util/util.go:106.33,108.3 1 0
github.com/ryanjdew/go-marklogic-go/util/util.go:108.8,110.3 1 0
github.com/ryanjdew/go-marklogic-go/util/util.go:116.99,120.22 4 1
github.com/ryanjdew/go-marklogic-go/util/util.go:123.2,125.17 3 1
github.com/ryanjdew/go-marklogic-go/util/util.go:128.2,128.16 1 1
github.com/ryanjdew/go-marklogic-go/util/util.go:131.2,131.28 1 1
github.com/ryanjdew/go-marklogic-go/util/util.go:134.2,134.22 1 1
github.com/ryanjdew/go-marklogic-go/util/util.go:137.2,139.12 2 0
github.com/ryanjdew/go-marklogic-go/util/util.go:120.22,122.3 1 1
github.com/ryanjdew/go-marklogic-go/util/util.go:125.17,127.3 1 1
github.com/ryanjdew/go-marklogic-go/util/util.go:128.16,130.3 1 0
github.com/ryanjdew/go-marklogic-go/util/util.go:131.28,133.3 1 0
github.com/ryanjdew/go-marklogic-go/util/util.go:134.22,136.3 1 1
github.com/ryanjdew/go-marklogic-go/util/util.go:143.149,145.37 2 0
github.com/ryanjdew/go-marklogic-go/util/util.go:151.2,153.19 3 0
github.com/ryanjdew/go-marklogic-go/util/util.go:156.2,162.16 6 0
github.com/ryanjdew/go-marklogic-go/util/util.go:165.2,165.27 1 0
github.com/ryanjdew/go-marklogic-go/util/util.go:168.2,168.12 1 0
github.com/ryanjdew/go-marklogic-go/util/util.go:145.37,146.32 1 0
github.com/ryanjdew/go-marklogic-go/util/util.go:146.32,148.4 1 0
github.com/ryanjdew/go-marklogic-go/util/util.go:153.19,155.3 1 0
github.com/ryanjdew/go-marklogic-go/util/util.go:162.16,164.3 1 0
github.com/ryanjdew/go-marklogic-go/util/util.go:165.27,167.3 1 0
